<?xml version="1.0" encoding="UTF-8"?>
<!-- Generated by org.testng.reporters.JUnitReportReporter -->
<testsuite hostname="hplaptop" failures="0" tests="1" name="com.ecommerce.TestCases.E_commerce_TC01" time="30.155" errors="0" timestamp="17 Dec 2023 11:41:44 GMT" skipped="0">
  <testcase classname="com.ecommerce.TestCases.E_commerce_TC01" name="SearchModule_TC" time="30.155"/>
</testsuite> <!-- com.ecommerce.TestCases.E_commerce_TC01 -->
